{"/Users/iainmchugh/Documents/iain/web_design/nextjs-template/components/core/Button/Button.tsx": {"path":"/Users/iainmchugh/Documents/iain/web_design/nextjs-template/components/core/Button/Button.tsx","statementMap":{"0":{"start":{"line":10,"column":2},"end":{"line":14,"column":4}}},"fnMap":{"0":{"name":"Button","decl":{"start":{"line":9,"column":9},"end":{"line":9,"column":15}},"loc":{"start":{"line":9,"column":59},"end":{"line":15,"column":1}},"line":9}},"branchMap":{},"s":{"0":1},"f":{"0":1},"b":{},"_coverageSchema":"1a1c01bbd47fc00a2c39e90264f33305004495a9","hash":"6c3f7c0c3712bb7fa3e21ca8e124de840dab8b50"}
,"/Users/iainmchugh/Documents/iain/web_design/nextjs-template/helpers/index.tsx": {"path":"/Users/iainmchugh/Documents/iain/web_design/nextjs-template/helpers/index.tsx","statementMap":{"0":{"start":{"line":1,"column":39},"end":{"line":3,"column":1}},"1":{"start":{"line":2,"column":2},"end":{"line":2,"column":23}}},"fnMap":{"0":{"name":"(anonymous_0)","decl":{"start":{"line":1,"column":39},"end":{"line":1,"column":40}},"loc":{"start":{"line":1,"column":45},"end":{"line":3,"column":1}},"line":1}},"branchMap":{},"s":{"0":1,"1":1},"f":{"0":1},"b":{},"_coverageSchema":"1a1c01bbd47fc00a2c39e90264f33305004495a9","hash":"0e2545304c200a9935638a5da48df2f1d02c33db"}
,"/Users/iainmchugh/Documents/iain/web_design/nextjs-template/scripts/index.tsx": {"path":"/Users/iainmchugh/Documents/iain/web_design/nextjs-template/scripts/index.tsx","statementMap":{"0":{"start":{"line":3,"column":27},"end":{"line":4,"column":46}},"1":{"start":{"line":4,"column":2},"end":{"line":4,"column":46}}},"fnMap":{"0":{"name":"(anonymous_0)","decl":{"start":{"line":3,"column":27},"end":{"line":3,"column":28}},"loc":{"start":{"line":4,"column":2},"end":{"line":4,"column":46}},"line":4}},"branchMap":{},"s":{"0":1,"1":1},"f":{"0":1},"b":{},"_coverageSchema":"1a1c01bbd47fc00a2c39e90264f33305004495a9","hash":"25e6319553ee667691dabc493e004c987e801ab8"}
,"/Users/iainmchugh/Documents/iain/web_design/nextjs-template/utils/index.ts": {"path":"/Users/iainmchugh/Documents/iain/web_design/nextjs-template/utils/index.ts","statementMap":{"0":{"start":{"line":1,"column":24},"end":{"line":1,"column":57}},"1":{"start":{"line":1,"column":42},"end":{"line":1,"column":57}}},"fnMap":{"0":{"name":"(anonymous_0)","decl":{"start":{"line":1,"column":24},"end":{"line":1,"column":25}},"loc":{"start":{"line":1,"column":42},"end":{"line":1,"column":57}},"line":1}},"branchMap":{},"s":{"0":1,"1":1},"f":{"0":1},"b":{},"_coverageSchema":"1a1c01bbd47fc00a2c39e90264f33305004495a9","hash":"c4910cc85d6a93f20bf462651421decd09839d8d"}
}
